# JRE version: Java(TM) SE Runtime Environment (8.0_40-b25) (build 1.8.0_40-b25)
# Java VM: Java HotSpot(TM) 64-Bit Server VM (25.40-b25 mixed mode windows-amd64 compressed oops)
Heap:
 PSYoungGen      total 368640K, used 52792K [0x000000076af80000, 0x0000000784d00000, 0x00000007c0000000)
  eden space 349696K, 15% used [0x000000076af80000,0x000000076e30e138,0x0000000780500000)
  from space 18944K, 0% used [0x0000000781b80000,0x0000000781b80000,0x0000000782e00000)
  to   space 23040K, 0% used [0x0000000780500000,0x0000000780500000,0x0000000781b80000)
 ParOldGen       total 226304K, used 33062K [0x00000006c0e00000, 0x00000006ceb00000, 0x000000076af80000)
  object space 226304K, 14% used [0x00000006c0e00000,0x00000006c2e49bc8,0x00000006ceb00000)
 Metaspace       used 58383K, capacity 61144K, committed 61440K, reserved 1101824K
  class space    used 7612K, capacity 8099K, committed 8192K, reserved 1048576K
GC Heap History (10 events):
Event: 2.600 GC heap before
{Heap before GC invocations=9 (full 2):
 PSYoungGen      total 218624K, used 10208K [0x000000076af80000, 0x0000000780580000, 0x00000007c0000000)
  eden space 208384K, 0% used [0x000000076af80000,0x000000076af80000,0x0000000777b00000)
  from space 10240K, 99% used [0x0000000777b00000,0x00000007784f8090,0x0000000778500000)
  to   space 13824K, 0% used [0x000000077f800000,0x000000077f800000,0x0000000780580000)
 ParOldGen       total 95744K, used 11747K [0x00000006c0e00000, 0x00000006c6b80000, 0x000000076af80000)
  object space 95744K, 12% used [0x00000006c0e00000,0x00000006c1978cb0,0x00000006c6b80000)
 Metaspace       used 33776K, capacity 35426K, committed 35496K, reserved 1079296K
  class space    used 4503K, capacity 4837K, committed 4864K, reserved 1048576K
Event: 2.659 GC heap after
Heap after GC invocations=9 (full 2):
 PSYoungGen      total 218624K, used 0K [0x000000076af80000, 0x0000000780580000, 0x00000007c0000000)
  eden space 208384K, 0% used [0x000000076af80000,0x000000076af80000,0x0000000777b00000)
  from space 10240K, 0% used [0x0000000777b00000,0x0000000777b00000,0x0000000778500000)
  to   space 13824K, 0% used [0x000000077f800000,0x000000077f800000,0x0000000780580000)
 ParOldGen       total 159744K, used 20016K [0x00000006c0e00000, 0x00000006caa00000, 0x000000076af80000)
  object space 159744K, 12% used [0x00000006c0e00000,0x00000006c218c0a0,0x00000006caa00000)
 Metaspace       used 33776K, capacity 35426K, committed 35496K, reserved 1079296K
  class space    used 4503K, capacity 4837K, committed 4864K, reserved 1048576K
}
Event: 5.614 GC heap before
{Heap before GC invocations=10 (full 2):
 PSYoungGen      total 218624K, used 208384K [0x000000076af80000, 0x0000000780580000, 0x00000007c0000000)
  eden space 208384K, 100% used [0x000000076af80000,0x0000000777b00000,0x0000000777b00000)
  from space 10240K, 0% used [0x0000000777b00000,0x0000000777b00000,0x0000000778500000)
  to   space 13824K, 0% used [0x000000077f800000,0x000000077f800000,0x0000000780580000)
 ParOldGen       total 159744K, used 20016K [0x00000006c0e00000, 0x00000006caa00000, 0x000000076af80000)
  object space 159744K, 12% used [0x00000006c0e00000,0x00000006c218c0a0,0x00000006caa00000)
 Metaspace       used 43120K, capacity 44942K, committed 45056K, reserved 1087488K
  class space    used 5689K, capacity 6059K, committed 6144K, reserved 1048576K
Event: 5.624 GC heap after
Heap after GC invocations=10 (full 2):
 PSYoungGen      total 303104K, used 12502K [0x000000076af80000, 0x0000000780480000, 0x00000007c0000000)
  eden space 290304K, 0% used [0x000000076af80000,0x000000076af80000,0x000000077cb00000)
  from space 12800K, 97% used [0x000000077f800000,0x0000000780435aa0,0x0000000780480000)
  to   space 14848K, 0% used [0x000000077e780000,0x000000077e780000,0x000000077f600000)
 ParOldGen       total 159744K, used 20040K [0x00000006c0e00000, 0x00000006caa00000, 0x000000076af80000)
  object space 159744K, 12% used [0x00000006c0e00000,0x00000006c21920a0,0x00000006caa00000)
 Metaspace       used 43120K, capacity 44942K, committed 45056K, reserved 1087488K
  class space    used 5689K, capacity 6059K, committed 6144K, reserved 1048576K
}
Event: 6.767 GC heap before
{Heap before GC invocations=11 (full 2):
 PSYoungGen      total 303104K, used 302806K [0x000000076af80000, 0x0000000780480000, 0x00000007c0000000)
  eden space 290304K, 100% used [0x000000076af80000,0x000000077cb00000,0x000000077cb00000)
  from space 12800K, 97% used [0x000000077f800000,0x0000000780435aa0,0x0000000780480000)
  to   space 14848K, 0% used [0x000000077e780000,0x000000077e780000,0x000000077f600000)
 ParOldGen       total 159744K, used 20040K [0x00000006c0e00000, 0x00000006caa00000, 0x000000076af80000)
  object space 159744K, 12% used [0x00000006c0e00000,0x00000006c21920a0,0x00000006caa00000)
 Metaspace       used 50626K, capacity 52888K, committed 53120K, reserved 1095680K
  class space    used 6598K, capacity 7030K, committed 7040K, reserved 1048576K
Event: 6.779 GC heap after
Heap after GC invocations=11 (full 2):
 PSYoungGen      total 334336K, used 14847K [0x000000076af80000, 0x0000000782e00000, 0x00000007c0000000)
  eden space 319488K, 0% used [0x000000076af80000,0x000000076af80000,0x000000077e780000)
  from space 14848K, 99% used [0x000000077e780000,0x000000077f5ffe70,0x000000077f600000)
  to   space 18944K, 0% used [0x0000000781b80000,0x0000000781b80000,0x0000000782e00000)
 ParOldGen       total 159744K, used 25590K [0x00000006c0e00000, 0x00000006caa00000, 0x000000076af80000)
  object space 159744K, 16% used [0x00000006c0e00000,0x00000006c26fd908,0x00000006caa00000)
 Metaspace       used 50626K, capacity 52888K, committed 53120K, reserved 1095680K
  class space    used 6598K, capacity 7030K, committed 7040K, reserved 1048576K
}
Event: 59.372 GC heap before
{Heap before GC invocations=12 (full 2):
 PSYoungGen      total 334336K, used 192024K [0x000000076af80000, 0x0000000782e00000, 0x00000007c0000000)
  eden space 319488K, 55% used [0x000000076af80000,0x0000000775c86250,0x000000077e780000)
  from space 14848K, 99% used [0x000000077e780000,0x000000077f5ffe70,0x000000077f600000)
  to   space 18944K, 0% used [0x0000000781b80000,0x0000000781b80000,0x0000000782e00000)
 ParOldGen       total 159744K, used 25590K [0x00000006c0e00000, 0x00000006caa00000, 0x000000076af80000)
  object space 159744K, 16% used [0x00000006c0e00000,0x00000006c26fd908,0x00000006caa00000)
 Metaspace       used 56405K, capacity 59024K, committed 59136K, reserved 1099776K
  class space    used 7388K, capacity 7886K, committed 7936K, reserved 1048576K
Event: 59.386 GC heap after
Heap after GC invocations=12 (full 2):
 PSYoungGen      total 368640K, used 18927K [0x000000076af80000, 0x0000000784d00000, 0x00000007c0000000)
  eden space 349696K, 0% used [0x000000076af80000,0x000000076af80000,0x0000000780500000)
  from space 18944K, 99% used [0x0000000781b80000,0x0000000782dfbe50,0x0000000782e00000)
  to   space 23040K, 0% used [0x0000000780500000,0x0000000780500000,0x0000000781b80000)
 ParOldGen       total 159744K, used 29297K [0x00000006c0e00000, 0x00000006caa00000, 0x000000076af80000)
  object space 159744K, 18% used [0x00000006c0e00000,0x00000006c2a9c420,0x00000006caa00000)
 Metaspace       used 56405K, capacity 59024K, committed 59136K, reserved 1099776K
  class space    used 7388K, capacity 7886K, committed 7936K, reserved 1048576K
}
Event: 59.386 GC heap before
{Heap before GC invocations=13 (full 3):
 PSYoungGen      total 368640K, used 18927K [0x000000076af80000, 0x0000000784d00000, 0x00000007c0000000)
  eden space 349696K, 0% used [0x000000076af80000,0x000000076af80000,0x0000000780500000)
  from space 18944K, 99% used [0x0000000781b80000,0x0000000782dfbe50,0x0000000782e00000)
  to   space 23040K, 0% used [0x0000000780500000,0x0000000780500000,0x0000000781b80000)
 ParOldGen       total 159744K, used 29297K [0x00000006c0e00000, 0x00000006caa00000, 0x000000076af80000)
  object space 159744K, 18% used [0x00000006c0e00000,0x00000006c2a9c420,0x00000006caa00000)
 Metaspace       used 56405K, capacity 59024K, committed 59136K, reserved 1099776K
  class space    used 7388K, capacity 7886K, committed 7936K, reserved 1048576K
Event: 59.489 GC heap after
Heap after GC invocations=13 (full 3):
 PSYoungGen      total 368640K, used 0K [0x000000076af80000, 0x0000000784d00000, 0x00000007c0000000)
  eden space 349696K, 0% used [0x000000076af80000,0x000000076af80000,0x0000000780500000)
  from space 18944K, 0% used [0x0000000781b80000,0x0000000781b80000,0x0000000782e00000)
  to   space 23040K, 0% used [0x0000000780500000,0x0000000780500000,0x0000000781b80000)
 ParOldGen       total 226304K, used 33062K [0x00000006c0e00000, 0x00000006ceb00000, 0x000000076af80000)
  object space 226304K, 14% used [0x00000006c0e00000,0x00000006c2e49bc8,0x00000006ceb00000)
 Metaspace       used 56405K, capacity 59024K, committed 59136K, reserved 1099776K
  class space    used 7388K, capacity 7886K, committed 7936K, reserved 1048576K
}

