# JRE version: Java(TM) SE Runtime Environment (8.0_40-b25) (build 1.8.0_40-b25)
# Java VM: Java HotSpot(TM) 64-Bit Server VM (25.40-b25 mixed mode windows-amd64 compressed oops)
Heap:
 PSYoungGen      total 387584K, used 35818K [0x000000076af80000, 0x0000000785f80000, 0x00000007c0000000)
  eden space 368640K, 9% used [0x000000076af80000,0x000000076d27a830,0x0000000781780000)
  from space 18944K, 0% used [0x0000000782e00000,0x0000000782e00000,0x0000000784080000)
  to   space 23040K, 0% used [0x0000000781780000,0x0000000781780000,0x0000000782e00000)
 ParOldGen       total 220160K, used 33251K [0x00000006c0e00000, 0x00000006ce500000, 0x000000076af80000)
  object space 220160K, 15% used [0x00000006c0e00000,0x00000006c2e78f98,0x00000006ce500000)
 Metaspace       used 58044K, capacity 60818K, committed 60928K, reserved 1101824K
  class space    used 7580K, capacity 8097K, committed 8192K, reserved 1048576K
GC Heap History (10 events):
Event: 2.693 GC heap before
{Heap before GC invocations=9 (full 2):
 PSYoungGen      total 221696K, used 10733K [0x000000076af80000, 0x0000000780d80000, 0x00000007c0000000)
  eden space 210944K, 0% used [0x000000076af80000,0x000000076af80000,0x0000000777d80000)
  from space 10752K, 99% used [0x0000000777d80000,0x00000007787fb4f8,0x0000000778800000)
  to   space 13824K, 0% used [0x0000000780000000,0x0000000780000000,0x0000000780d80000)
 ParOldGen       total 94720K, used 11212K [0x00000006c0e00000, 0x00000006c6a80000, 0x000000076af80000)
  object space 94720K, 11% used [0x00000006c0e00000,0x00000006c18f3370,0x00000006c6a80000)
 Metaspace       used 33761K, capacity 35422K, committed 35496K, reserved 1079296K
  class space    used 4499K, capacity 4837K, committed 4864K, reserved 1048576K
Event: 2.743 GC heap after
Heap after GC invocations=9 (full 2):
 PSYoungGen      total 221696K, used 0K [0x000000076af80000, 0x0000000780d80000, 0x00000007c0000000)
  eden space 210944K, 0% used [0x000000076af80000,0x000000076af80000,0x0000000777d80000)
  from space 10752K, 0% used [0x0000000777d80000,0x0000000777d80000,0x0000000778800000)
  to   space 13824K, 0% used [0x0000000780000000,0x0000000780000000,0x0000000780d80000)
 ParOldGen       total 155648K, used 19993K [0x00000006c0e00000, 0x00000006ca600000, 0x000000076af80000)
  object space 155648K, 12% used [0x00000006c0e00000,0x00000006c21867c8,0x00000006ca600000)
 Metaspace       used 33761K, capacity 35422K, committed 35496K, reserved 1079296K
  class space    used 4499K, capacity 4837K, committed 4864K, reserved 1048576K
}
Event: 5.614 GC heap before
{Heap before GC invocations=10 (full 2):
 PSYoungGen      total 221696K, used 210944K [0x000000076af80000, 0x0000000780d80000, 0x00000007c0000000)
  eden space 210944K, 100% used [0x000000076af80000,0x0000000777d80000,0x0000000777d80000)
  from space 10752K, 0% used [0x0000000777d80000,0x0000000777d80000,0x0000000778800000)
  to   space 13824K, 0% used [0x0000000780000000,0x0000000780000000,0x0000000780d80000)
 ParOldGen       total 155648K, used 19993K [0x00000006c0e00000, 0x00000006ca600000, 0x000000076af80000)
  object space 155648K, 12% used [0x00000006c0e00000,0x00000006c21867c8,0x00000006ca600000)
 Metaspace       used 43082K, capacity 44874K, committed 45056K, reserved 1087488K
  class space    used 5690K, capacity 6059K, committed 6144K, reserved 1048576K
Event: 5.625 GC heap after
Heap after GC invocations=10 (full 2):
 PSYoungGen      total 312832K, used 12438K [0x000000076af80000, 0x0000000780c80000, 0x00000007c0000000)
  eden space 300032K, 0% used [0x000000076af80000,0x000000076af80000,0x000000077d480000)
  from space 12800K, 97% used [0x0000000780000000,0x0000000780c25910,0x0000000780c80000)
  to   space 14848K, 0% used [0x000000077ef80000,0x000000077ef80000,0x000000077fe00000)
 ParOldGen       total 155648K, used 20001K [0x00000006c0e00000, 0x00000006ca600000, 0x000000076af80000)
  object space 155648K, 12% used [0x00000006c0e00000,0x00000006c21887c8,0x00000006ca600000)
 Metaspace       used 43082K, capacity 44874K, committed 45056K, reserved 1087488K
  class space    used 5690K, capacity 6059K, committed 6144K, reserved 1048576K
}
Event: 6.785 GC heap before
{Heap before GC invocations=11 (full 2):
 PSYoungGen      total 312832K, used 312470K [0x000000076af80000, 0x0000000780c80000, 0x00000007c0000000)
  eden space 300032K, 100% used [0x000000076af80000,0x000000077d480000,0x000000077d480000)
  from space 12800K, 97% used [0x0000000780000000,0x0000000780c25910,0x0000000780c80000)
  to   space 14848K, 0% used [0x000000077ef80000,0x000000077ef80000,0x000000077fe00000)
 ParOldGen       total 155648K, used 20001K [0x00000006c0e00000, 0x00000006ca600000, 0x000000076af80000)
  object space 155648K, 12% used [0x00000006c0e00000,0x00000006c21887c8,0x00000006ca600000)
 Metaspace       used 50625K, capacity 52988K, committed 53248K, reserved 1095680K
  class space    used 6606K, capacity 7064K, committed 7168K, reserved 1048576K
Event: 6.800 GC heap after
Heap after GC invocations=11 (full 2):
 PSYoungGen      total 342528K, used 14835K [0x000000076af80000, 0x0000000784080000, 0x00000007c0000000)
  eden space 327680K, 0% used [0x000000076af80000,0x000000076af80000,0x000000077ef80000)
  from space 14848K, 99% used [0x000000077ef80000,0x000000077fdfce60,0x000000077fe00000)
  to   space 18944K, 0% used [0x0000000782e00000,0x0000000782e00000,0x0000000784080000)
 ParOldGen       total 155648K, used 25675K [0x00000006c0e00000, 0x00000006ca600000, 0x000000076af80000)
  object space 155648K, 16% used [0x00000006c0e00000,0x00000006c2712e90,0x00000006ca600000)
 Metaspace       used 50625K, capacity 52988K, committed 53248K, reserved 1095680K
  class space    used 6606K, capacity 7064K, committed 7168K, reserved 1048576K
}
Event: 11.193 GC heap before
{Heap before GC invocations=12 (full 2):
 PSYoungGen      total 342528K, used 193736K [0x000000076af80000, 0x0000000784080000, 0x00000007c0000000)
  eden space 327680K, 54% used [0x000000076af80000,0x0000000775e35510,0x000000077ef80000)
  from space 14848K, 99% used [0x000000077ef80000,0x000000077fdfce60,0x000000077fe00000)
  to   space 18944K, 0% used [0x0000000782e00000,0x0000000782e00000,0x0000000784080000)
 ParOldGen       total 155648K, used 25675K [0x00000006c0e00000, 0x00000006ca600000, 0x000000076af80000)
  object space 155648K, 16% used [0x00000006c0e00000,0x00000006c2712e90,0x00000006ca600000)
 Metaspace       used 56431K, capacity 59084K, committed 59136K, reserved 1099776K
  class space    used 7393K, capacity 7886K, committed 7936K, reserved 1048576K
Event: 11.208 GC heap after
Heap after GC invocations=12 (full 2):
 PSYoungGen      total 387584K, used 18916K [0x000000076af80000, 0x0000000785f80000, 0x00000007c0000000)
  eden space 368640K, 0% used [0x000000076af80000,0x000000076af80000,0x0000000781780000)
  from space 18944K, 99% used [0x0000000782e00000,0x0000000784079188,0x0000000784080000)
  to   space 23040K, 0% used [0x0000000781780000,0x0000000781780000,0x0000000782e00000)
 ParOldGen       total 155648K, used 29651K [0x00000006c0e00000, 0x00000006ca600000, 0x000000076af80000)
  object space 155648K, 19% used [0x00000006c0e00000,0x00000006c2af4e70,0x00000006ca600000)
 Metaspace       used 56431K, capacity 59084K, committed 59136K, reserved 1099776K
  class space    used 7393K, capacity 7886K, committed 7936K, reserved 1048576K
}
Event: 11.208 GC heap before
{Heap before GC invocations=13 (full 3):
 PSYoungGen      total 387584K, used 18916K [0x000000076af80000, 0x0000000785f80000, 0x00000007c0000000)
  eden space 368640K, 0% used [0x000000076af80000,0x000000076af80000,0x0000000781780000)
  from space 18944K, 99% used [0x0000000782e00000,0x0000000784079188,0x0000000784080000)
  to   space 23040K, 0% used [0x0000000781780000,0x0000000781780000,0x0000000782e00000)
 ParOldGen       total 155648K, used 29651K [0x00000006c0e00000, 0x00000006ca600000, 0x000000076af80000)
  object space 155648K, 19% used [0x00000006c0e00000,0x00000006c2af4e70,0x00000006ca600000)
 Metaspace       used 56431K, capacity 59084K, committed 59136K, reserved 1099776K
  class space    used 7393K, capacity 7886K, committed 7936K, reserved 1048576K
Event: 11.308 GC heap after
Heap after GC invocations=13 (full 3):
 PSYoungGen      total 387584K, used 0K [0x000000076af80000, 0x0000000785f80000, 0x00000007c0000000)
  eden space 368640K, 0% used [0x000000076af80000,0x000000076af80000,0x0000000781780000)
  from space 18944K, 0% used [0x0000000782e00000,0x0000000782e00000,0x0000000784080000)
  to   space 23040K, 0% used [0x0000000781780000,0x0000000781780000,0x0000000782e00000)
 ParOldGen       total 220160K, used 33251K [0x00000006c0e00000, 0x00000006ce500000, 0x000000076af80000)
  object space 220160K, 15% used [0x00000006c0e00000,0x00000006c2e78f98,0x00000006ce500000)
 Metaspace       used 56431K, capacity 59084K, committed 59136K, reserved 1099776K
  class space    used 7393K, capacity 7886K, committed 7936K, reserved 1048576K
}

