# JRE version: Java(TM) SE Runtime Environment (8.0_40-b25) (build 1.8.0_40-b25)
# Java VM: Java HotSpot(TM) 64-Bit Server VM (25.40-b25 mixed mode windows-amd64 compressed oops)
Heap:
 PSYoungGen      total 521728K, used 53037K [0x000000076af80000, 0x000000078d180000, 0x00000007c0000000)
  eden space 505344K, 7% used [0x000000076af80000,0x000000076d3b89e8,0x0000000789d00000)
  from space 16384K, 97% used [0x000000078c180000,0x000000078d112d88,0x000000078d180000)
  to   space 23552K, 0% used [0x000000078a380000,0x000000078a380000,0x000000078ba80000)
 ParOldGen       total 222720K, used 42161K [0x00000006c0e00000, 0x00000006ce780000, 0x000000076af80000)
  object space 222720K, 18% used [0x00000006c0e00000,0x00000006c372c628,0x00000006ce780000)
 Metaspace       used 65026K, capacity 68118K, committed 68352K, reserved 1107968K
  class space    used 8364K, capacity 8923K, committed 8960K, reserved 1048576K
GC Heap History (10 events):
Event: 5.885 GC heap before
{Heap before GC invocations=11 (full 2):
 PSYoungGen      total 338944K, used 325632K [0x000000076af80000, 0x0000000781500000, 0x00000007c0000000)
  eden space 325632K, 100% used [0x000000076af80000,0x000000077ed80000,0x000000077ed80000)
  from space 13312K, 0% used [0x000000077fa00000,0x000000077fa00000,0x0000000780700000)
  to   space 12800K, 0% used [0x000000077ed80000,0x000000077ed80000,0x000000077fa00000)
 ParOldGen       total 144384K, used 14507K [0x00000006c0e00000, 0x00000006c9b00000, 0x000000076af80000)
  object space 144384K, 10% used [0x00000006c0e00000,0x00000006c1c2af18,0x00000006c9b00000)
 Metaspace       used 41863K, capacity 43336K, committed 43520K, reserved 1087488K
  class space    used 5519K, capacity 5856K, committed 5888K, reserved 1048576K
Event: 5.893 GC heap after
Heap after GC invocations=11 (full 2):
 PSYoungGen      total 338432K, used 11738K [0x000000076af80000, 0x0000000786700000, 0x00000007c0000000)
  eden space 325632K, 0% used [0x000000076af80000,0x000000076af80000,0x000000077ed80000)
  from space 12800K, 91% used [0x000000077ed80000,0x000000077f8f6bc0,0x000000077fa00000)
  to   space 13824K, 0% used [0x0000000785980000,0x0000000785980000,0x0000000786700000)
 ParOldGen       total 144384K, used 14531K [0x00000006c0e00000, 0x00000006c9b00000, 0x000000076af80000)
  object space 144384K, 10% used [0x00000006c0e00000,0x00000006c1c30f18,0x00000006c9b00000)
 Metaspace       used 41863K, capacity 43336K, committed 43520K, reserved 1087488K
  class space    used 5519K, capacity 5856K, committed 5888K, reserved 1048576K
}
Event: 6.893 GC heap before
{Heap before GC invocations=12 (full 2):
 PSYoungGen      total 338432K, used 337370K [0x000000076af80000, 0x0000000786700000, 0x00000007c0000000)
  eden space 325632K, 100% used [0x000000076af80000,0x000000077ed80000,0x000000077ed80000)
  from space 12800K, 91% used [0x000000077ed80000,0x000000077f8f6bc0,0x000000077fa00000)
  to   space 13824K, 0% used [0x0000000785980000,0x0000000785980000,0x0000000786700000)
 ParOldGen       total 144384K, used 14531K [0x00000006c0e00000, 0x00000006c9b00000, 0x000000076af80000)
  object space 144384K, 10% used [0x00000006c0e00000,0x00000006c1c30f18,0x00000006c9b00000)
 Metaspace       used 46869K, capacity 48820K, committed 49024K, reserved 1091584K
  class space    used 6108K, capacity 6494K, committed 6528K, reserved 1048576K
Event: 6.902 GC heap after
Heap after GC invocations=12 (full 2):
 PSYoungGen      total 428544K, used 13792K [0x000000076af80000, 0x0000000786700000, 0x00000007c0000000)
  eden space 414720K, 0% used [0x000000076af80000,0x000000076af80000,0x0000000784480000)
  from space 13824K, 99% used [0x0000000785980000,0x00000007866f81e8,0x0000000786700000)
  to   space 16384K, 0% used [0x0000000784700000,0x0000000784700000,0x0000000785700000)
 ParOldGen       total 144384K, used 17424K [0x00000006c0e00000, 0x00000006c9b00000, 0x000000076af80000)
  object space 144384K, 12% used [0x00000006c0e00000,0x00000006c1f043a0,0x00000006c9b00000)
 Metaspace       used 46869K, capacity 48820K, committed 49024K, reserved 1091584K
  class space    used 6108K, capacity 6494K, committed 6528K, reserved 1048576K
}
Event: 8.715 GC heap before
{Heap before GC invocations=13 (full 2):
 PSYoungGen      total 428544K, used 392578K [0x000000076af80000, 0x0000000786700000, 0x00000007c0000000)
  eden space 414720K, 91% used [0x000000076af80000,0x0000000782168808,0x0000000784480000)
  from space 13824K, 99% used [0x0000000785980000,0x00000007866f81e8,0x0000000786700000)
  to   space 16384K, 0% used [0x0000000784700000,0x0000000784700000,0x0000000785700000)
 ParOldGen       total 144384K, used 17424K [0x00000006c0e00000, 0x00000006c9b00000, 0x000000076af80000)
  object space 144384K, 12% used [0x00000006c0e00000,0x00000006c1f043a0,0x00000006c9b00000)
 Metaspace       used 56417K, capacity 59016K, committed 59160K, reserved 1101824K
  class space    used 7210K, capacity 7709K, committed 7808K, reserved 1048576K
Event: 8.733 GC heap after
Heap after GC invocations=13 (full 2):
 PSYoungGen      total 433664K, used 16382K [0x000000076af80000, 0x000000078d800000, 0x00000007c0000000)
  eden space 417280K, 0% used [0x000000076af80000,0x000000076af80000,0x0000000784700000)
  from space 16384K, 99% used [0x0000000784700000,0x00000007856ffbd8,0x0000000785700000)
  to   space 23040K, 0% used [0x000000078c180000,0x000000078c180000,0x000000078d800000)
 ParOldGen       total 144384K, used 31139K [0x00000006c0e00000, 0x00000006c9b00000, 0x000000076af80000)
  object space 144384K, 21% used [0x00000006c0e00000,0x00000006c2c68ca8,0x00000006c9b00000)
 Metaspace       used 56417K, capacity 59016K, committed 59160K, reserved 1101824K
  class space    used 7210K, capacity 7709K, committed 7808K, reserved 1048576K
}
Event: 8.733 GC heap before
{Heap before GC invocations=14 (full 3):
 PSYoungGen      total 433664K, used 16382K [0x000000076af80000, 0x000000078d800000, 0x00000007c0000000)
  eden space 417280K, 0% used [0x000000076af80000,0x000000076af80000,0x0000000784700000)
  from space 16384K, 99% used [0x0000000784700000,0x00000007856ffbd8,0x0000000785700000)
  to   space 23040K, 0% used [0x000000078c180000,0x000000078c180000,0x000000078d800000)
 ParOldGen       total 144384K, used 31139K [0x00000006c0e00000, 0x00000006c9b00000, 0x000000076af80000)
  object space 144384K, 21% used [0x00000006c0e00000,0x00000006c2c68ca8,0x00000006c9b00000)
 Metaspace       used 56417K, capacity 59016K, committed 59160K, reserved 1101824K
  class space    used 7210K, capacity 7709K, committed 7808K, reserved 1048576K
Event: 8.870 GC heap after
Heap after GC invocations=14 (full 3):
 PSYoungGen      total 433664K, used 0K [0x000000076af80000, 0x000000078d800000, 0x00000007c0000000)
  eden space 417280K, 0% used [0x000000076af80000,0x000000076af80000,0x0000000784700000)
  from space 16384K, 0% used [0x0000000784700000,0x0000000784700000,0x0000000785700000)
  to   space 23040K, 0% used [0x000000078c180000,0x000000078c180000,0x000000078d800000)
 ParOldGen       total 222720K, used 42153K [0x00000006c0e00000, 0x00000006ce780000, 0x000000076af80000)
  object space 222720K, 18% used [0x00000006c0e00000,0x00000006c372a628,0x00000006ce780000)
 Metaspace       used 56417K, capacity 59016K, committed 59160K, reserved 1101824K
  class space    used 7210K, capacity 7709K, committed 7808K, reserved 1048576K
}
Event: 61.151 GC heap before
{Heap before GC invocations=15 (full 3):
 PSYoungGen      total 433664K, used 417280K [0x000000076af80000, 0x000000078d800000, 0x00000007c0000000)
  eden space 417280K, 100% used [0x000000076af80000,0x0000000784700000,0x0000000784700000)
  from space 16384K, 0% used [0x0000000784700000,0x0000000784700000,0x0000000785700000)
  to   space 23040K, 0% used [0x000000078c180000,0x000000078c180000,0x000000078d800000)
 ParOldGen       total 222720K, used 42153K [0x00000006c0e00000, 0x00000006ce780000, 0x000000076af80000)
  object space 222720K, 18% used [0x00000006c0e00000,0x00000006c372a628,0x00000006ce780000)
 Metaspace       used 64710K, capacity 67732K, committed 67840K, reserved 1107968K
  class space    used 8329K, capacity 8874K, committed 8960K, reserved 1048576K
Event: 61.164 GC heap after
Heap after GC invocations=15 (full 3):
 PSYoungGen      total 521728K, used 15947K [0x000000076af80000, 0x000000078d180000, 0x00000007c0000000)
  eden space 505344K, 0% used [0x000000076af80000,0x000000076af80000,0x0000000789d00000)
  from space 16384K, 97% used [0x000000078c180000,0x000000078d112d88,0x000000078d180000)
  to   space 23552K, 0% used [0x000000078a380000,0x000000078a380000,0x000000078ba80000)
 ParOldGen       total 222720K, used 42161K [0x00000006c0e00000, 0x00000006ce780000, 0x000000076af80000)
  object space 222720K, 18% used [0x00000006c0e00000,0x00000006c372c628,0x00000006ce780000)
 Metaspace       used 64710K, capacity 67732K, committed 67840K, reserved 1107968K
  class space    used 8329K, capacity 8874K, committed 8960K, reserved 1048576K
}

