# JRE version: Java(TM) SE Runtime Environment (8.0_40-b25) (build 1.8.0_40-b25)
# Java VM: Java HotSpot(TM) 64-Bit Server VM (25.40-b25 mixed mode windows-amd64 compressed oops)
Heap:
 PSYoungGen      total 459264K, used 427097K [0x000000076af80000, 0x0000000790700000, 0x00000007c0000000)
  eden space 443392K, 96% used [0x000000076af80000,0x0000000785096458,0x0000000786080000)
  from space 15872K, 0% used [0x0000000786080000,0x0000000786080000,0x0000000787000000)
  to   space 22528K, 0% used [0x000000078f100000,0x000000078f100000,0x0000000790700000)
 ParOldGen       total 204288K, used 42040K [0x00000006c0e00000, 0x00000006cd580000, 0x000000076af80000)
  object space 204288K, 20% used [0x00000006c0e00000,0x00000006c370e1e8,0x00000006cd580000)
 Metaspace       used 64634K, capacity 67584K, committed 67840K, reserved 1107968K
  class space    used 8314K, capacity 8853K, committed 8960K, reserved 1048576K
GC Heap History (10 events):
Event: 2.727 GC heap before
{Heap before GC invocations=10 (full 2):
 PSYoungGen      total 348160K, used 8559K [0x000000076af80000, 0x0000000782680000, 0x00000007c0000000)
  eden space 334848K, 0% used [0x000000076af80000,0x000000076af80000,0x000000077f680000)
  from space 13312K, 64% used [0x0000000780300000,0x0000000780b5bf68,0x0000000781000000)
  to   space 12800K, 0% used [0x000000077f680000,0x000000077f680000,0x0000000780300000)
 ParOldGen       total 96768K, used 10948K [0x00000006c0e00000, 0x00000006c6c80000, 0x000000076af80000)
  object space 96768K, 11% used [0x00000006c0e00000,0x00000006c18b1190,0x00000006c6c80000)
 Metaspace       used 34072K, capacity 35388K, committed 35496K, reserved 1079296K
  class space    used 4584K, capacity 4862K, committed 4864K, reserved 1048576K
Event: 2.768 GC heap after
Heap after GC invocations=10 (full 2):
 PSYoungGen      total 348160K, used 0K [0x000000076af80000, 0x0000000782680000, 0x00000007c0000000)
  eden space 334848K, 0% used [0x000000076af80000,0x000000076af80000,0x000000077f680000)
  from space 13312K, 0% used [0x0000000780300000,0x0000000780300000,0x0000000781000000)
  to   space 12800K, 0% used [0x000000077f680000,0x000000077f680000,0x0000000780300000)
 ParOldGen       total 137216K, used 14202K [0x00000006c0e00000, 0x00000006c9400000, 0x000000076af80000)
  object space 137216K, 10% used [0x00000006c0e00000,0x00000006c1bde888,0x00000006c9400000)
 Metaspace       used 34072K, capacity 35388K, committed 35496K, reserved 1079296K
  class space    used 4584K, capacity 4862K, committed 4864K, reserved 1048576K
}
Event: 19.809 GC heap before
{Heap before GC invocations=11 (full 2):
 PSYoungGen      total 348160K, used 334848K [0x000000076af80000, 0x0000000782680000, 0x00000007c0000000)
  eden space 334848K, 100% used [0x000000076af80000,0x000000077f680000,0x000000077f680000)
  from space 13312K, 0% used [0x0000000780300000,0x0000000780300000,0x0000000781000000)
  to   space 12800K, 0% used [0x000000077f680000,0x000000077f680000,0x0000000780300000)
 ParOldGen       total 137216K, used 14202K [0x00000006c0e00000, 0x00000006c9400000, 0x000000076af80000)
  object space 137216K, 10% used [0x00000006c0e00000,0x00000006c1bde888,0x00000006c9400000)
 Metaspace       used 41960K, capacity 43456K, committed 43520K, reserved 1087488K
  class space    used 5541K, capacity 5866K, committed 5888K, reserved 1048576K
Event: 19.816 GC heap after
Heap after GC invocations=11 (full 2):
 PSYoungGen      total 347648K, used 11226K [0x000000076af80000, 0x0000000787f80000, 0x00000007c0000000)
  eden space 334848K, 0% used [0x000000076af80000,0x000000076af80000,0x000000077f680000)
  from space 12800K, 87% used [0x000000077f680000,0x0000000780176880,0x0000000780300000)
  to   space 13312K, 0% used [0x0000000787280000,0x0000000787280000,0x0000000787f80000)
 ParOldGen       total 137216K, used 14226K [0x00000006c0e00000, 0x00000006c9400000, 0x000000076af80000)
  object space 137216K, 10% used [0x00000006c0e00000,0x00000006c1be4888,0x00000006c9400000)
 Metaspace       used 41960K, capacity 43456K, committed 43520K, reserved 1087488K
  class space    used 5541K, capacity 5866K, committed 5888K, reserved 1048576K
}
Event: 20.685 GC heap before
{Heap before GC invocations=12 (full 2):
 PSYoungGen      total 347648K, used 346074K [0x000000076af80000, 0x0000000787f80000, 0x00000007c0000000)
  eden space 334848K, 100% used [0x000000076af80000,0x000000077f680000,0x000000077f680000)
  from space 12800K, 87% used [0x000000077f680000,0x0000000780176880,0x0000000780300000)
  to   space 13312K, 0% used [0x0000000787280000,0x0000000787280000,0x0000000787f80000)
 ParOldGen       total 137216K, used 14226K [0x00000006c0e00000, 0x00000006c9400000, 0x000000076af80000)
  object space 137216K, 10% used [0x00000006c0e00000,0x00000006c1be4888,0x00000006c9400000)
 Metaspace       used 46399K, capacity 48356K, committed 48512K, reserved 1091584K
  class space    used 6101K, capacity 6492K, committed 6528K, reserved 1048576K
Event: 20.697 GC heap after
Heap after GC invocations=12 (full 2):
 PSYoungGen      total 454144K, used 13304K [0x000000076af80000, 0x0000000787f80000, 0x00000007c0000000)
  eden space 440832K, 0% used [0x000000076af80000,0x000000076af80000,0x0000000785e00000)
  from space 13312K, 99% used [0x0000000787280000,0x0000000787f7e1e0,0x0000000787f80000)
  to   space 15872K, 0% used [0x0000000786080000,0x0000000786080000,0x0000000787000000)
 ParOldGen       total 137216K, used 16660K [0x00000006c0e00000, 0x00000006c9400000, 0x000000076af80000)
  object space 137216K, 12% used [0x00000006c0e00000,0x00000006c1e45370,0x00000006c9400000)
 Metaspace       used 46399K, capacity 48356K, committed 48512K, reserved 1091584K
  class space    used 6101K, capacity 6492K, committed 6528K, reserved 1048576K
}
Event: 22.684 GC heap before
{Heap before GC invocations=13 (full 2):
 PSYoungGen      total 454144K, used 445732K [0x000000076af80000, 0x0000000787f80000, 0x00000007c0000000)
  eden space 440832K, 98% used [0x000000076af80000,0x00000007855caf88,0x0000000785e00000)
  from space 13312K, 99% used [0x0000000787280000,0x0000000787f7e1e0,0x0000000787f80000)
  to   space 15872K, 0% used [0x0000000786080000,0x0000000786080000,0x0000000787000000)
 ParOldGen       total 137216K, used 16660K [0x00000006c0e00000, 0x00000006c9400000, 0x000000076af80000)
  object space 137216K, 12% used [0x00000006c0e00000,0x00000006c1e45370,0x00000006c9400000)
 Metaspace       used 56381K, capacity 58990K, committed 59160K, reserved 1101824K
  class space    used 7223K, capacity 7715K, committed 7808K, reserved 1048576K
Event: 22.702 GC heap after
Heap after GC invocations=13 (full 2):
 PSYoungGen      total 459264K, used 15869K [0x000000076af80000, 0x0000000790700000, 0x00000007c0000000)
  eden space 443392K, 0% used [0x000000076af80000,0x000000076af80000,0x0000000786080000)
  from space 15872K, 99% used [0x0000000786080000,0x0000000786fff478,0x0000000787000000)
  to   space 22528K, 0% used [0x000000078f100000,0x000000078f100000,0x0000000790700000)
 ParOldGen       total 137216K, used 30942K [0x00000006c0e00000, 0x00000006c9400000, 0x000000076af80000)
  object space 137216K, 22% used [0x00000006c0e00000,0x00000006c2c379b0,0x00000006c9400000)
 Metaspace       used 56381K, capacity 58990K, committed 59160K, reserved 1101824K
  class space    used 7223K, capacity 7715K, committed 7808K, reserved 1048576K
}
Event: 22.702 GC heap before
{Heap before GC invocations=14 (full 3):
 PSYoungGen      total 459264K, used 15869K [0x000000076af80000, 0x0000000790700000, 0x00000007c0000000)
  eden space 443392K, 0% used [0x000000076af80000,0x000000076af80000,0x0000000786080000)
  from space 15872K, 99% used [0x0000000786080000,0x0000000786fff478,0x0000000787000000)
  to   space 22528K, 0% used [0x000000078f100000,0x000000078f100000,0x0000000790700000)
 ParOldGen       total 137216K, used 30942K [0x00000006c0e00000, 0x00000006c9400000, 0x000000076af80000)
  object space 137216K, 22% used [0x00000006c0e00000,0x00000006c2c379b0,0x00000006c9400000)
 Metaspace       used 56381K, capacity 58990K, committed 59160K, reserved 1101824K
  class space    used 7223K, capacity 7715K, committed 7808K, reserved 1048576K
Event: 22.849 GC heap after
Heap after GC invocations=14 (full 3):
 PSYoungGen      total 459264K, used 0K [0x000000076af80000, 0x0000000790700000, 0x00000007c0000000)
  eden space 443392K, 0% used [0x000000076af80000,0x000000076af80000,0x0000000786080000)
  from space 15872K, 0% used [0x0000000786080000,0x0000000786080000,0x0000000787000000)
  to   space 22528K, 0% used [0x000000078f100000,0x000000078f100000,0x0000000790700000)
 ParOldGen       total 204288K, used 42040K [0x00000006c0e00000, 0x00000006cd580000, 0x000000076af80000)
  object space 204288K, 20% used [0x00000006c0e00000,0x00000006c370e1e8,0x00000006cd580000)
 Metaspace       used 56381K, capacity 58990K, committed 59160K, reserved 1101824K
  class space    used 7223K, capacity 7715K, committed 7808K, reserved 1048576K
}

